[2025-03-30T16:45:23.407+0000] {local_task_job_runner.py:123} INFO - ::group::Pre task execution logs
[2025-03-30T16:45:23.424+0000] {taskinstance.py:2612} INFO - Dependencies all met for dep_context=non-requeueable deps ti=<TaskInstance: weather_data_pipeline.check_data_postgres manual__2025-03-30T16:36:07.406386+00:00 [queued]>
[2025-03-30T16:45:23.432+0000] {taskinstance.py:2612} INFO - Dependencies all met for dep_context=requeueable deps ti=<TaskInstance: weather_data_pipeline.check_data_postgres manual__2025-03-30T16:36:07.406386+00:00 [queued]>
[2025-03-30T16:45:23.433+0000] {taskinstance.py:2865} INFO - Starting attempt 1 of 2
[2025-03-30T16:45:23.446+0000] {taskinstance.py:2888} INFO - Executing <Task(PythonOperator): check_data_postgres> on 2025-03-30 16:36:07.406386+00:00
[2025-03-30T16:45:23.456+0000] {standard_task_runner.py:104} INFO - Running: ['airflow', 'tasks', 'run', 'weather_data_pipeline', 'check_data_postgres', 'manual__2025-03-30T16:36:07.406386+00:00', '--job-id', '17', '--raw', '--subdir', 'DAGS_FOLDER/main.py', '--cfg-path', '/tmp/tmpmfso_wuc']
[2025-03-30T16:45:23.458+0000] {standard_task_runner.py:105} INFO - Job 17: Subtask check_data_postgres
[2025-03-30T16:45:23.458+0000] {logging_mixin.py:190} WARNING - /home/airflow/.local/lib/python3.12/site-packages/airflow/task/task_runner/standard_task_runner.py:70 DeprecationWarning: This process (pid=1062) is multi-threaded, use of fork() may lead to deadlocks in the child.
[2025-03-30T16:45:23.459+0000] {standard_task_runner.py:72} INFO - Started process 1063 to run task
[2025-03-30T16:45:23.505+0000] {task_command.py:467} INFO - Running <TaskInstance: weather_data_pipeline.check_data_postgres manual__2025-03-30T16:36:07.406386+00:00 [running]> on host 2b1913b6b87b
[2025-03-30T16:45:23.586+0000] {taskinstance.py:3131} INFO - Exporting env vars: AIRFLOW_CTX_DAG_OWNER='airflow' AIRFLOW_CTX_DAG_ID='weather_data_pipeline' AIRFLOW_CTX_TASK_ID='check_data_postgres' AIRFLOW_CTX_EXECUTION_DATE='2025-03-30T16:36:07.406386+00:00' AIRFLOW_CTX_TRY_NUMBER='1' AIRFLOW_CTX_DAG_RUN_ID='manual__2025-03-30T16:36:07.406386+00:00'
[2025-03-30T16:45:23.587+0000] {taskinstance.py:731} INFO - ::endgroup::
[2025-03-30T16:45:23.606+0000] {main.py:225} INFO - ('An Giang', datetime.datetime(2025, 2, 28, 0, 0), 22.5, 'Mưa lả tả gần đó', 86.0, 11.5, 0.07)
[2025-03-30T16:45:23.607+0000] {main.py:225} INFO - ('Ba Ria-Vung Tau', datetime.datetime(2025, 2, 28, 0, 0), 26.3, 'Nhiều nắng', 76.0, 36.0, 0.0)
[2025-03-30T16:45:23.608+0000] {main.py:225} INFO - ('Bac Lieu', datetime.datetime(2025, 2, 28, 0, 0), 27.8, 'Nhiều nắng', 64.0, 29.5, 0.0)
[2025-03-30T16:45:23.609+0000] {main.py:225} INFO - ('Bac Giang', datetime.datetime(2025, 2, 28, 0, 0), 21.1, 'Mưa lả tả gần đó', 83.0, 19.8, 1.21)
[2025-03-30T16:45:23.609+0000] {main.py:225} INFO - ('Bac Kan', datetime.datetime(2025, 2, 28, 0, 0), 17.6, 'Sương mù', 96.0, 4.0, 0.9)
[2025-03-30T16:45:23.610+0000] {python.py:240} INFO - Done. Returned value was: None
[2025-03-30T16:45:23.620+0000] {taskinstance.py:340} INFO - ::group::Post task execution logs
[2025-03-30T16:45:23.621+0000] {taskinstance.py:352} INFO - Marking task as SUCCESS. dag_id=weather_data_pipeline, task_id=check_data_postgres, run_id=manual__2025-03-30T16:36:07.406386+00:00, execution_date=20250330T163607, start_date=20250330T164523, end_date=20250330T164523
[2025-03-30T16:45:23.675+0000] {local_task_job_runner.py:266} INFO - Task exited with return code 0
[2025-03-30T16:45:23.695+0000] {taskinstance.py:3900} INFO - 0 downstream tasks scheduled from follow-on schedule check
[2025-03-30T16:45:23.697+0000] {local_task_job_runner.py:245} INFO - ::endgroup::
